{"/Users/riusaki/Programming/Coding/pet/wiz-love/src/playground.js": {"path":"/Users/riusaki/Programming/Coding/pet/wiz-love/src/playground.js","all":false,"statementMap":{"0":{"start":{"line":1,"column":0},"end":{"line":1,"column":35}},"1":{"start":{"line":2,"column":0},"end":{"line":2,"column":40}},"2":{"start":{"line":3,"column":0},"end":{"line":3,"column":2}},"3":{"start":{"line":4,"column":0},"end":{"line":4,"column":0}},"4":{"start":{"line":5,"column":0},"end":{"line":5,"column":41}},"5":{"start":{"line":6,"column":0},"end":{"line":6,"column":21}},"6":{"start":{"line":7,"column":0},"end":{"line":7,"column":2}}},"s":{"0":1,"1":5,"2":5,"3":1,"4":1,"5":3,"6":3},"branchMap":{"0":{"type":"branch","line":2,"loc":{"start":{"line":2,"column":-1},"end":{"line":3,"column":2}},"locations":[{"start":{"line":2,"column":-1},"end":{"line":3,"column":2}}]},"1":{"type":"branch","line":2,"loc":{"start":{"line":2,"column":23},"end":{"line":2,"column":31}},"locations":[{"start":{"line":2,"column":23},"end":{"line":2,"column":31}}]},"2":{"type":"branch","line":2,"loc":{"start":{"line":2,"column":32},"end":{"line":2,"column":39}},"locations":[{"start":{"line":2,"column":32},"end":{"line":2,"column":39}}]},"3":{"type":"branch","line":5,"loc":{"start":{"line":5,"column":24},"end":{"line":7,"column":2}},"locations":[{"start":{"line":5,"column":24},"end":{"line":7,"column":2}}]}},"b":{"0":[5],"1":[2],"2":[3],"3":[3]},"fnMap":{"0":{"name":"evenOrOdd","decl":{"start":{"line":2,"column":-1},"end":{"line":3,"column":2}},"loc":{"start":{"line":2,"column":-1},"end":{"line":3,"column":2}},"line":2},"1":{"name":"multiply","decl":{"start":{"line":5,"column":24},"end":{"line":7,"column":2}},"loc":{"start":{"line":5,"column":24},"end":{"line":7,"column":2}},"line":5}},"f":{"0":5,"1":3}}
}
